SF:lib/entity/UserEntity.dart
DA:11,1
DA:19,1
DA:21,1
DA:23,1
DA:24,1
DA:25,1
DA:30,1
DA:31,1
DA:32,1
DA:33,1
DA:34,1
DA:38,0
DA:40,0
DA:42,0
DA:43,0
DA:44,0
DA:49,0
DA:50,0
DA:61,0
DA:62,0
DA:63,0
DA:64,0
DA:70,0
DA:71,0
DA:73,0
DA:74,0
DA:76,0
DA:77,0
DA:78,0
DA:79,0
DA:80,0
LF:31
LH:11
end_of_record
SF:lib/entity/animal.dart
DA:58,2
DA:63,4
DA:64,4
DA:65,2
DA:66,2
DA:67,2
DA:69,2
DA:70,2
DA:71,3
DA:72,2
DA:73,6
DA:75,6
DA:79,2
DA:81,1
DA:82,1
DA:83,1
DA:86,1
DA:87,2
DA:88,5
DA:89,2
DA:90,3
DA:91,2
DA:92,1
DA:94,0
DA:97,1
DA:100,1
DA:101,2
DA:102,2
DA:104,0
DA:106,3
DA:107,2
DA:109,1
DA:110,3
DA:113,1
DA:114,1
DA:115,1
DA:116,1
DA:117,2
DA:118,2
DA:120,1
DA:123,1
DA:124,1
DA:125,1
DA:126,1
DA:127,2
DA:128,2
DA:130,1
DA:134,1
DA:137,1
DA:138,1
DA:139,3
DA:140,5
DA:141,1
DA:142,1
DA:143,3
DA:145,1
DA:146,2
DA:147,2
DA:148,2
DA:151,1
DA:155,1
DA:156,1
DA:157,1
DA:158,1
DA:160,0
DA:161,0
DA:164,1
DA:165,1
DA:167,0
DA:170,0
DA:174,1
DA:175,2
DA:177,1
DA:185,1
DA:186,1
DA:187,1
DA:190,1
DA:191,1
DA:192,1
DA:195,0
DA:196,0
DA:198,0
DA:200,0
DA:201,0
DA:202,0
DA:203,0
DA:205,0
DA:206,0
DA:208,0
DA:213,0
DA:217,2
DA:218,2
DA:219,2
DA:220,4
DA:224,2
DA:227,1
DA:228,1
DA:229,5
DA:231,6
DA:232,2
DA:233,2
DA:234,2
DA:235,1
DA:237,0
DA:242,0
DA:243,0
DA:246,0
DA:247,0
DA:248,0
DA:250,0
DA:251,0
DA:253,0
DA:255,0
DA:260,0
DA:261,0
DA:264,0
DA:265,0
DA:266,0
DA:267,0
DA:269,0
DA:270,0
DA:271,0
DA:273,0
DA:275,0
DA:278,2
DA:279,2
DA:281,2
LF:127
LH:89
end_of_record
SF:lib/entity/point.dart
DA:14,3
DA:15,12
DA:19,2
DA:22,2
DA:23,2
DA:26,2
DA:27,2
DA:28,4
DA:29,2
DA:30,4
DA:31,2
DA:32,2
DA:37,2
DA:38,2
DA:39,8
DA:40,2
DA:41,2
DA:42,2
DA:46,6
DA:48,2
DA:52,2
DA:53,2
DA:54,8
DA:55,2
DA:56,2
DA:57,2
DA:60,8
DA:62,2
LF:28
LH:28
end_of_record
SF:lib/entity/task.dart
DA:24,4
DA:39,4
DA:40,4
DA:41,4
DA:43,4
DA:44,4
DA:45,4
DA:46,4
DA:47,4
DA:48,4
DA:49,4
DA:50,4
DA:51,4
DA:52,4
DA:56,1
DA:57,1
DA:58,1
DA:59,1
DA:60,1
DA:61,1
DA:62,1
DA:63,1
DA:64,1
DA:65,1
DA:66,1
DA:67,1
DA:68,1
DA:72,2
DA:74,2
DA:75,8
DA:76,8
DA:79,2
DA:80,2
DA:81,2
DA:82,2
DA:83,4
DA:84,2
DA:85,4
DA:87,4
DA:88,4
DA:92,2
DA:93,2
DA:95,2
DA:99,3
DA:101,6
DA:103,3
DA:104,3
DA:105,3
DA:106,12
DA:107,3
DA:108,15
DA:109,3
DA:112,1
DA:114,1
DA:116,4
DA:118,2
DA:123,0
DA:124,0
DA:126,1
DA:127,1
DA:129,1
DA:130,1
DA:134,2
DA:136,2
DA:137,2
DA:139,4
DA:140,4
DA:141,8
DA:143,2
DA:144,4
DA:146,4
DA:152,2
DA:154,2
DA:156,2
DA:162,14
DA:163,10
DA:164,4
DA:166,4
DA:167,8
DA:169,6
DA:171,4
DA:172,4
DA:173,6
DA:174,6
DA:180,1
DA:182,5
DA:190,2
DA:191,8
DA:192,4
LF:89
LH:87
end_of_record
SF:lib/pages/progress.dart
DA:17,1
DA:18,1
DA:19,1
DA:31,1
DA:33,1
DA:34,3
DA:35,2
DA:36,3
DA:38,1
DA:39,1
DA:40,4
DA:42,3
DA:43,2
DA:46,0
DA:50,1
DA:52,1
DA:53,1
DA:54,1
DA:55,1
DA:57,1
DA:58,1
DA:63,1
DA:65,1
DA:66,1
DA:68,1
DA:69,1
DA:70,1
DA:71,1
DA:72,1
DA:73,2
DA:74,2
DA:76,0
DA:77,0
DA:78,0
DA:79,0
DA:82,1
DA:83,1
DA:86,1
DA:88,1
DA:90,1
DA:91,2
DA:96,1
DA:99,1
DA:101,1
DA:103,1
DA:104,2
DA:113,1
DA:114,1
DA:115,1
DA:116,1
DA:117,2
DA:120,1
DA:121,0
DA:124,1
DA:125,2
DA:126,2
DA:127,1
DA:128,1
DA:129,1
DA:130,1
DA:131,1
DA:132,1
DA:134,1
DA:135,1
DA:136,1
DA:137,1
DA:138,1
DA:139,1
DA:140,1
DA:141,1
DA:152,1
DA:155,1
DA:158,1
DA:161,1
DA:165,1
DA:166,2
DA:167,1
DA:169,2
DA:170,1
DA:171,1
DA:172,1
DA:173,1
DA:174,1
DA:175,1
DA:177,1
DA:178,1
DA:179,1
DA:180,1
DA:183,1
DA:184,1
DA:185,1
DA:186,1
DA:195,1
DA:197,1
DA:198,2
DA:204,2
DA:205,1
DA:207,1
DA:208,1
DA:209,1
DA:210,1
DA:211,1
DA:212,1
DA:214,1
DA:215,1
DA:216,1
DA:217,1
DA:220,1
DA:221,1
DA:222,1
DA:223,1
DA:230,3
DA:231,1
DA:232,1
DA:233,1
DA:235,3
DA:237,1
DA:238,0
DA:239,0
DA:240,0
DA:243,1
DA:244,2
DA:245,4
DA:246,1
DA:247,1
DA:248,1
DA:249,1
DA:251,2
DA:252,4
DA:253,1
DA:254,2
DA:257,2
DA:259,1
DA:261,1
DA:263,1
DA:265,1
DA:266,1
DA:267,1
DA:268,1
DA:270,1
DA:271,2
DA:278,1
DA:279,3
DA:280,1
DA:281,1
DA:282,1
DA:286,1
DA:288,1
DA:289,1
DA:292,1
DA:293,1
DA:299,1
DA:300,0
DA:301,0
DA:303,0
DA:304,0
DA:307,1
DA:308,2
DA:309,1
DA:310,2
DA:316,1
DA:317,2
DA:318,1
DA:319,1
DA:320,1
DA:321,1
DA:322,1
DA:324,1
DA:328,0
DA:333,0
DA:334,0
DA:339,0
DA:341,0
DA:342,0
DA:345,0
DA:346,0
DA:350,0
DA:359,0
DA:360,0
DA:361,0
DA:362,0
DA:363,0
DA:366,0
DA:367,0
DA:368,0
DA:370,0
DA:372,0
DA:376,0
DA:378,0
DA:379,0
DA:380,0
DA:381,0
DA:398,1
DA:402,0
DA:404,0
DA:405,0
DA:406,0
DA:407,0
DA:408,0
DA:409,0
DA:411,0
DA:412,0
DA:413,0
DA:415,0
DA:420,0
DA:422,0
DA:423,0
DA:424,0
DA:426,0
DA:427,0
DA:428,0
DA:436,0
DA:437,0
DA:438,0
DA:439,0
DA:444,0
DA:445,0
DA:446,0
DA:447,0
DA:448,0
DA:449,0
DA:453,0
DA:454,0
DA:456,0
DA:458,0
DA:459,0
DA:461,0
DA:462,0
DA:463,0
DA:464,0
DA:467,0
DA:469,0
DA:470,0
DA:472,0
DA:473,0
DA:474,0
DA:475,0
DA:477,0
DA:484,0
DA:485,0
DA:486,0
DA:488,0
DA:490,0
DA:501,0
DA:502,0
DA:503,0
DA:505,0
DA:506,0
DA:507,0
DA:508,0
DA:509,0
DA:511,0
DA:513,0
DA:515,0
DA:516,0
DA:517,0
DA:519,0
LF:257
LH:156
end_of_record
SF:lib/managers/theme_Manager.dart
DA:22,0
DA:23,0
DA:25,6
DA:26,0
DA:28,0
DA:29,0
DA:30,0
DA:31,0
DA:32,0
DA:33,0
DA:34,0
DA:35,0
DA:36,2
DA:38,0
DA:39,0
DA:41,0
DA:42,0
DA:43,0
DA:44,0
DA:45,0
DA:46,0
DA:47,0
DA:48,0
DA:49,0
DA:50,0
DA:51,0
DA:52,0
DA:53,0
DA:54,0
DA:55,0
DA:56,0
DA:57,0
DA:58,0
DA:59,0
DA:60,0
DA:61,0
DA:62,0
DA:67,0
DA:68,0
DA:70,0
DA:71,0
DA:72,0
DA:73,0
DA:77,0
DA:78,0
DA:79,0
DA:82,0
DA:83,0
DA:85,0
DA:86,0
DA:87,0
DA:88,0
DA:92,0
DA:93,0
DA:96,0
DA:97,0
DA:99,0
DA:100,0
DA:101,0
DA:102,0
DA:106,0
DA:107,0
DA:111,0
DA:112,0
DA:113,0
DA:117,0
DA:118,0
LF:67
LH:2
end_of_record
SF:lib/entity/colorMood.dart
DA:3,0
DA:5,0
DA:6,0
DA:7,0
DA:8,0
DA:11,0
DA:14,9
DA:16,3
DA:17,3
DA:18,3
DA:19,3
DA:21,3
DA:22,3
DA:23,3
DA:24,3
DA:25,3
LF:16
LH:10
end_of_record
SF:lib/managers/Task_manager.dart
DA:23,0
DA:24,0
DA:26,0
DA:27,0
DA:28,0
DA:29,0
DA:30,0
DA:32,0
DA:33,0
DA:35,0
DA:36,0
DA:38,0
DA:39,0
DA:40,0
DA:42,0
DA:43,0
DA:45,0
DA:46,0
DA:48,0
DA:52,0
DA:53,0
DA:55,0
DA:56,0
DA:57,0
DA:58,0
DA:61,0
DA:62,0
DA:64,0
DA:65,0
DA:66,0
DA:67,0
DA:72,0
DA:73,0
DA:76,0
DA:79,0
DA:80,0
DA:81,0
DA:87,0
DA:88,0
DA:89,0
DA:93,0
DA:94,0
DA:98,0
DA:99,0
DA:100,0
DA:103,0
DA:104,0
DA:105,0
DA:108,0
DA:109,0
DA:110,0
DA:113,0
DA:114,0
DA:115,0
DA:118,0
DA:119,0
DA:120,0
DA:123,0
DA:124,0
DA:125,0
DA:128,0
DA:129,0
DA:130,0
LF:63
LH:0
end_of_record
SF:lib/pages/resources.dart
DA:37,1
DA:38,1
DA:39,1
DA:40,0
DA:41,0
DA:43,0
DA:47,1
DA:49,1
DA:50,1
DA:51,1
DA:52,2
DA:53,1
DA:54,2
DA:56,1
DA:58,2
DA:59,1
DA:60,3
DA:61,1
DA:63,3
DA:64,1
DA:66,1
DA:68,1
DA:69,1
DA:70,1
DA:72,1
DA:73,1
DA:75,1
DA:76,1
DA:77,1
DA:78,1
DA:82,3
DA:87,1
DA:88,2
DA:89,1
DA:90,1
DA:91,1
DA:94,3
DA:101,1
DA:102,1
DA:103,1
DA:104,1
LF:41
LH:38
end_of_record
SF:lib/entity/CreatureMessages.dart
DA:13,2
DA:15,1
DA:16,1
DA:23,1
DA:25,1
DA:26,1
DA:29,1
DA:31,1
DA:32,4
DA:33,1
DA:37,1
DA:38,2
DA:39,4
DA:41,2
DA:61,1
DA:63,1
DA:64,0
DA:65,1
DA:66,2
DA:69,2
DA:73,1
DA:74,1
DA:75,3
DA:78,1
DA:79,2
DA:80,1
DA:81,2
DA:82,0
DA:83,0
DA:84,0
DA:87,1
DA:89,1
DA:91,1
DA:93,1
DA:95,1
DA:96,1
DA:100,1
DA:102,1
DA:104,1
DA:105,1
DA:106,1
LF:41
LH:37
end_of_record
SF:lib/main.dart
DA:24,0
DA:25,0
DA:26,0
DA:27,0
DA:28,0
DA:42,0
DA:45,0
DA:46,0
DA:47,0
DA:48,0
DA:49,0
DA:50,0
DA:51,0
DA:52,0
DA:53,0
DA:55,0
DA:56,0
DA:61,0
DA:65,4
DA:67,0
DA:69,0
DA:70,0
DA:71,0
DA:73,0
DA:74,0
DA:75,0
DA:76,0
DA:84,0
DA:85,0
DA:104,0
DA:106,0
DA:109,0
DA:110,0
DA:111,0
DA:115,0
DA:117,0
DA:118,0
DA:119,0
DA:120,0
DA:121,0
DA:150,0
DA:151,0
DA:152,0
DA:153,0
DA:160,0
DA:163,0
LF:46
LH:1
end_of_record
SF:lib/pages/home.dart
DA:29,1
DA:31,1
DA:32,1
DA:45,1
DA:47,1
DA:49,3
DA:50,3
DA:52,2
DA:54,3
DA:56,1
DA:58,4
DA:59,2
DA:60,1
DA:62,2
DA:65,3
DA:66,1
DA:67,1
DA:69,1
DA:70,1
DA:71,2
DA:72,2
DA:75,3
DA:78,1
DA:79,1
DA:81,0
DA:82,0
DA:85,1
DA:87,1
DA:88,2
DA:90,1
DA:103,1
DA:104,1
DA:110,0
DA:111,0
DA:116,1
DA:117,2
DA:118,0
DA:121,1
DA:122,0
DA:125,0
DA:127,0
DA:129,0
DA:133,1
DA:135,2
DA:137,1
DA:140,3
DA:141,1
DA:142,1
DA:143,2
DA:144,2
DA:145,1
DA:148,2
DA:152,0
DA:157,1
DA:159,1
DA:160,1
DA:162,1
DA:163,1
DA:164,1
DA:166,1
DA:167,1
DA:172,1
DA:173,1
DA:174,1
DA:175,1
DA:176,1
DA:177,2
DA:178,1
DA:179,1
DA:181,1
DA:183,1
DA:184,1
DA:185,1
DA:186,2
DA:196,1
DA:198,1
DA:202,1
DA:205,2
DA:211,1
DA:213,1
DA:216,1
DA:217,1
DA:220,1
DA:224,1
DA:226,1
DA:227,1
DA:228,2
DA:229,5
DA:230,2
DA:231,1
DA:232,2
DA:234,1
DA:235,1
DA:236,0
DA:237,0
DA:240,2
DA:241,1
DA:242,1
DA:244,1
DA:245,1
DA:251,1
DA:252,1
DA:253,2
DA:254,1
DA:255,3
DA:256,1
DA:257,1
DA:260,1
DA:261,1
DA:263,1
DA:264,1
DA:265,3
DA:266,1
DA:268,1
DA:269,1
DA:270,1
DA:273,1
DA:274,1
DA:275,1
DA:276,0
DA:277,0
DA:278,0
DA:281,0
DA:282,0
DA:284,0
DA:286,0
DA:289,0
DA:291,1
DA:292,1
DA:293,1
DA:295,1
DA:296,1
DA:297,1
DA:298,1
DA:302,1
DA:305,1
DA:306,2
DA:307,1
DA:308,1
DA:309,1
DA:310,1
DA:312,2
DA:315,1
DA:316,1
DA:317,1
DA:318,1
DA:319,1
DA:321,2
DA:326,1
DA:339,1
DA:340,2
DA:342,0
DA:343,0
DA:344,0
DA:348,1
DA:350,3
DA:351,1
DA:352,3
DA:353,2
DA:354,3
DA:355,1
DA:356,3
DA:357,2
DA:358,3
DA:359,1
DA:360,3
DA:362,1
DA:363,2
DA:364,1
DA:365,1
DA:369,0
DA:373,1
DA:375,3
DA:377,0
DA:380,6
DA:381,2
DA:383,2
DA:384,1
DA:387,0
DA:391,1
DA:392,2
DA:393,0
DA:397,2
DA:400,2
DA:402,2
DA:406,0
DA:407,0
DA:409,0
DA:410,0
DA:422,0
LF:190
LH:158
end_of_record
SF:lib/pages/Calendar.dart
DA:33,1
DA:35,1
DA:36,1
DA:75,1
DA:77,1
DA:80,3
DA:81,3
DA:83,2
DA:85,2
DA:86,2
DA:87,1
DA:90,1
DA:91,2
DA:92,1
DA:94,0
DA:96,1
DA:97,0
DA:98,0
DA:99,0
DA:102,0
DA:103,0
DA:104,0
DA:105,0
DA:106,0
DA:107,0
DA:110,0
DA:114,0
DA:118,0
DA:119,0
DA:120,0
DA:121,0
DA:126,1
DA:127,1
DA:128,1
DA:130,1
DA:131,1
DA:132,2
DA:133,1
DA:134,3
DA:136,2
DA:139,0
DA:141,0
DA:142,0
DA:143,0
DA:144,0
DA:146,0
DA:147,0
DA:149,0
DA:150,0
DA:151,0
DA:152,0
DA:153,0
DA:155,0
DA:157,0
DA:160,0
DA:161,0
DA:162,0
DA:165,1
DA:168,1
DA:169,1
DA:170,1
DA:172,1
DA:174,0
DA:175,0
DA:176,0
DA:177,0
DA:178,0
DA:179,0
DA:180,0
DA:187,0
DA:193,0
DA:195,0
DA:197,0
DA:198,0
DA:201,0
DA:202,0
DA:203,0
DA:204,0
DA:205,0
DA:206,0
DA:207,0
DA:211,0
DA:212,0
DA:213,0
DA:214,0
DA:215,0
DA:217,0
DA:219,0
DA:223,0
DA:229,0
DA:230,0
DA:231,0
DA:232,0
DA:233,0
DA:234,0
DA:237,0
DA:238,0
DA:240,0
DA:241,0
DA:242,0
DA:243,0
DA:247,0
DA:248,0
DA:253,0
DA:255,0
DA:256,0
DA:258,0
DA:261,0
DA:262,0
DA:267,0
DA:268,0
DA:269,0
DA:270,0
DA:271,0
DA:274,0
DA:275,0
DA:277,0
DA:284,0
DA:285,0
DA:288,0
DA:289,0
DA:290,0
DA:291,0
DA:292,0
DA:294,0
DA:295,0
DA:298,0
DA:302,0
DA:303,0
DA:304,0
DA:305,0
DA:306,0
DA:307,0
DA:312,0
DA:313,0
DA:314,0
DA:315,0
DA:319,0
DA:320,0
DA:321,0
DA:322,0
DA:323,0
DA:324,0
DA:325,0
DA:326,0
DA:329,0
DA:331,0
DA:332,0
DA:333,0
DA:334,0
DA:335,0
DA:336,0
DA:337,0
DA:338,0
DA:340,0
DA:344,0
DA:345,0
DA:346,0
DA:352,0
DA:353,0
DA:360,0
DA:362,0
DA:365,0
DA:366,0
DA:367,0
DA:368,0
DA:369,0
DA:370,0
DA:372,0
DA:374,0
DA:375,0
DA:376,0
DA:377,0
DA:378,0
DA:379,0
DA:381,0
DA:385,0
DA:386,0
DA:387,0
DA:388,0
DA:395,0
DA:402,0
DA:403,0
DA:405,0
DA:406,0
DA:407,0
DA:408,0
DA:410,0
DA:411,0
DA:412,0
DA:413,0
DA:415,0
DA:416,0
DA:417,0
DA:426,0
DA:428,0
DA:429,0
DA:431,0
DA:432,0
DA:433,0
DA:434,0
DA:437,0
DA:440,0
DA:442,0
DA:445,0
DA:451,0
DA:453,0
DA:457,0
DA:458,0
DA:461,0
DA:462,0
DA:463,0
DA:464,0
DA:465,0
DA:466,0
DA:467,0
DA:470,0
DA:473,0
DA:477,0
DA:478,0
DA:479,0
DA:481,0
DA:482,0
DA:487,0
DA:488,0
DA:489,0
DA:491,0
DA:493,0
DA:494,0
DA:496,0
DA:497,0
DA:500,0
DA:501,0
DA:502,0
DA:505,0
DA:507,0
DA:509,0
DA:514,0
DA:517,0
DA:518,0
DA:519,0
DA:521,0
DA:533,0
DA:534,0
DA:536,0
DA:538,0
DA:539,0
DA:540,0
DA:544,0
DA:546,0
DA:551,0
DA:555,0
DA:556,0
DA:557,0
DA:558,0
DA:559,0
DA:561,0
DA:565,0
DA:569,0
DA:571,0
DA:572,0
DA:573,0
DA:574,0
DA:576,0
DA:578,0
DA:579,0
DA:580,0
DA:582,0
DA:586,0
DA:588,0
DA:590,0
DA:593,0
DA:595,0
DA:596,0
DA:597,0
DA:598,0
DA:600,0
DA:601,0
DA:602,0
DA:603,0
DA:604,0
DA:605,0
DA:606,0
DA:607,0
DA:608,0
DA:615,0
DA:616,0
DA:618,0
DA:619,0
DA:620,0
DA:621,0
DA:622,0
DA:623,0
DA:624,0
DA:625,0
DA:627,0
DA:635,0
DA:637,0
DA:639,0
DA:640,0
DA:641,0
DA:642,0
DA:643,0
DA:644,0
DA:645,0
DA:646,0
DA:648,0
DA:650,0
DA:651,0
DA:652,0
DA:654,0
DA:664,1
DA:666,1
DA:667,1
DA:668,0
DA:669,0
DA:670,0
DA:671,0
DA:672,0
DA:674,0
DA:675,0
DA:678,0
DA:679,0
DA:681,0
DA:694,1
DA:695,2
DA:696,2
DA:697,2
DA:698,2
DA:700,2
DA:701,2
DA:702,2
DA:703,1
DA:707,1
DA:709,1
DA:710,2
DA:711,1
DA:712,1
DA:713,1
DA:714,1
DA:716,1
DA:717,1
DA:718,1
DA:719,1
DA:721,1
DA:722,1
DA:723,2
DA:724,2
DA:728,0
DA:729,0
DA:730,0
DA:732,0
DA:734,0
DA:740,1
DA:741,1
DA:742,1
DA:746,0
DA:747,0
DA:749,0
DA:750,0
DA:751,0
DA:755,0
DA:756,0
DA:757,0
DA:758,0
DA:759,0
DA:764,1
DA:765,1
DA:766,1
DA:767,0
DA:768,0
DA:769,0
DA:773,1
DA:774,1
DA:775,1
DA:776,1
DA:777,0
DA:778,0
DA:779,0
DA:783,1
DA:784,1
DA:785,1
DA:787,1
DA:790,0
DA:791,0
DA:795,0
DA:799,0
DA:800,0
DA:801,0
DA:802,0
DA:803,0
DA:804,0
DA:805,0
DA:807,0
DA:808,0
DA:809,0
DA:814,2
DA:815,0
DA:816,0
DA:818,0
DA:819,0
DA:825,2
DA:826,1
DA:827,1
DA:829,1
DA:832,0
DA:833,0
DA:837,0
DA:841,0
DA:842,0
DA:843,0
DA:844,0
DA:845,0
DA:846,0
DA:847,0
DA:849,0
DA:851,0
DA:852,0
DA:857,1
DA:858,1
DA:859,1
DA:860,1
DA:862,1
DA:863,1
DA:864,2
DA:865,2
DA:869,0
DA:870,0
DA:871,0
DA:873,0
DA:875,0
DA:881,1
DA:882,1
DA:884,1
DA:885,0
DA:886,0
DA:890,1
DA:891,1
DA:892,1
DA:893,1
DA:895,1
DA:898,1
DA:900,1
DA:902,1
DA:903,0
DA:904,0
DA:908,1
DA:909,1
DA:910,1
DA:911,1
DA:913,1
DA:916,1
DA:918,1
DA:919,1
DA:921,1
DA:923,3
DA:924,1
DA:926,1
DA:927,0
DA:928,0
DA:932,1
DA:933,1
DA:936,1
DA:940,1
DA:945,1
DA:951,1
DA:952,1
DA:953,0
DA:954,0
DA:955,0
DA:956,0
DA:958,0
DA:962,0
DA:964,0
DA:965,0
DA:966,0
DA:968,1
DA:970,1
DA:971,0
DA:972,0
DA:973,0
DA:974,0
DA:976,1
DA:984,0
DA:985,0
DA:986,0
DA:987,0
DA:988,0
DA:989,0
DA:990,0
DA:991,0
DA:992,0
DA:993,0
DA:995,0
DA:996,0
DA:997,0
DA:998,0
DA:999,0
DA:1000,0
DA:1001,0
DA:1002,0
DA:1004,0
DA:1005,0
DA:1007,0
DA:1011,0
DA:1012,0
DA:1014,0
DA:1016,0
DA:1022,0
DA:1023,0
DA:1024,0
DA:1028,0
DA:1029,0
DA:1031,0
DA:1032,0
DA:1033,0
DA:1036,0
DA:1037,0
DA:1038,0
DA:1039,0
DA:1040,0
DA:1045,0
DA:1046,0
DA:1047,0
DA:1051,0
DA:1052,0
DA:1054,0
DA:1058,0
DA:1059,0
DA:1060,0
DA:1061,0
DA:1062,0
DA:1063,0
DA:1064,0
DA:1066,0
DA:1067,0
DA:1073,0
DA:1074,0
DA:1075,0
DA:1079,0
DA:1080,0
DA:1082,0
DA:1086,0
DA:1087,0
DA:1088,0
DA:1089,0
DA:1090,0
DA:1091,0
DA:1092,0
DA:1094,0
DA:1095,0
DA:1101,0
DA:1102,0
DA:1103,0
DA:1105,0
DA:1106,0
DA:1108,0
DA:1112,0
DA:1113,0
DA:1115,0
DA:1117,0
DA:1125,0
DA:1126,0
DA:1127,0
DA:1128,0
DA:1129,0
DA:1130,0
DA:1131,0
DA:1133,0
DA:1135,0
DA:1136,0
DA:1137,0
DA:1138,0
DA:1140,0
DA:1141,0
DA:1143,0
DA:1146,0
DA:1148,0
DA:1149,0
DA:1150,0
DA:1152,0
DA:1159,0
DA:1162,0
DA:1163,0
DA:1164,0
DA:1167,0
DA:1169,0
DA:1173,1
DA:1175,1
DA:1179,1
DA:1180,1
DA:1181,1
DA:1183,1
DA:1184,1
DA:1189,1
DA:1192,1
DA:1194,2
DA:1195,1
DA:1197,2
DA:1200,1
DA:1201,1
DA:1206,1
DA:1207,3
DA:1208,1
DA:1209,3
DA:1215,0
DA:1216,0
DA:1218,0
DA:1219,0
DA:1220,0
DA:1221,0
DA:1222,0
DA:1224,0
DA:1225,0
DA:1228,0
DA:1233,0
DA:1235,0
DA:1237,0
DA:1239,0
DA:1240,0
DA:1243,0
DA:1244,0
DA:1246,0
DA:1254,0
DA:1255,0
DA:1257,0
DA:1259,0
DA:1262,0
DA:1263,0
DA:1267,0
DA:1274,1
DA:1276,1
DA:1277,1
DA:1279,1
DA:1280,1
DA:1282,1
DA:1283,1
DA:1285,1
DA:1286,1
DA:1288,1
DA:1289,1
DA:1291,1
DA:1292,1
DA:1294,1
DA:1295,1
DA:1297,1
DA:1298,1
DA:1300,1
DA:1307,1
DA:1308,2
DA:1309,2
DA:1310,1
DA:1311,0
DA:1312,0
DA:1317,1
DA:1318,2
DA:1319,2
DA:1320,1
DA:1321,0
DA:1322,0
DA:1327,0
DA:1328,0
DA:1329,0
DA:1330,0
DA:1332,0
DA:1336,0
DA:1337,0
DA:1339,0
DA:1340,0
DA:1341,0
DA:1342,0
DA:1347,0
DA:1349,0
DA:1350,0
DA:1354,0
DA:1356,0
DA:1358,0
DA:1359,0
DA:1360,0
DA:1361,0
DA:1362,0
DA:1363,0
DA:1364,0
DA:1365,0
DA:1366,0
DA:1367,0
DA:1368,0
DA:1369,0
DA:1371,0
DA:1373,0
DA:1374,0
DA:1375,0
DA:1376,0
DA:1377,0
DA:1378,0
DA:1379,0
DA:1381,0
DA:1382,0
DA:1384,0
DA:1385,0
DA:1387,0
DA:1389,0
DA:1392,0
DA:1400,0
DA:1403,0
DA:1405,0
DA:1406,0
DA:1407,0
DA:1408,0
DA:1409,0
DA:1410,0
DA:1411,0
DA:1413,0
DA:1414,0
DA:1415,0
DA:1416,0
DA:1417,0
DA:1418,0
DA:1421,0
DA:1422,0
DA:1423,0
DA:1425,0
DA:1430,0
DA:1431,0
DA:1432,0
DA:1433,0
DA:1434,0
DA:1435,0
DA:1438,0
DA:1446,1
DA:1447,1
LF:731
LH:162
end_of_record
SF:lib/pages/profile.dart
DA:19,0
DA:20,0
DA:40,0
DA:42,0
DA:45,0
DA:47,0
DA:49,0
DA:51,0
DA:55,0
DA:57,0
DA:58,0
DA:59,0
DA:60,0
DA:62,0
DA:63,0
DA:66,0
DA:67,0
DA:68,0
DA:75,0
DA:78,0
DA:79,0
DA:80,0
DA:87,0
DA:89,0
DA:90,0
DA:93,0
DA:94,0
DA:95,0
DA:96,0
DA:97,0
DA:99,0
DA:101,0
DA:102,0
DA:103,0
DA:105,0
DA:106,0
DA:110,0
DA:113,0
DA:116,0
DA:117,0
DA:118,0
DA:119,0
DA:120,0
DA:122,0
DA:124,0
DA:125,0
DA:126,0
DA:128,0
DA:129,0
DA:133,0
DA:138,0
DA:141,0
DA:142,0
DA:143,0
DA:144,0
DA:146,0
DA:148,0
DA:150,0
DA:151,0
DA:157,0
DA:158,0
DA:159,0
DA:160,0
DA:167,0
DA:168,0
DA:169,0
DA:170,0
DA:171,0
DA:172,0
DA:173,0
DA:174,0
DA:175,0
DA:176,0
DA:179,0
DA:181,0
DA:182,0
DA:183,0
DA:184,0
DA:185,0
DA:187,0
DA:189,0
DA:190,0
DA:195,0
DA:196,0
DA:197,0
DA:199,0
DA:200,0
DA:203,0
DA:205,0
DA:206,0
DA:209,0
DA:210,0
DA:212,0
DA:215,0
DA:217,0
DA:218,0
DA:224,0
DA:226,0
DA:227,0
DA:229,0
DA:231,0
DA:232,0
DA:233,0
DA:234,0
DA:239,0
DA:242,0
DA:245,0
DA:246,0
DA:249,0
DA:250,0
DA:260,0
DA:263,0
DA:264,0
DA:266,0
DA:269,0
DA:271,0
DA:272,0
DA:280,0
DA:283,0
DA:286,0
DA:287,0
DA:288,0
DA:290,0
DA:291,0
DA:295,0
DA:297,0
DA:299,0
DA:301,0
DA:303,0
DA:304,0
DA:310,0
DA:313,0
DA:316,0
DA:317,0
DA:318,0
DA:320,0
DA:321,0
DA:325,0
DA:327,0
DA:329,0
DA:331,0
DA:333,0
DA:334,0
DA:341,0
DA:344,0
DA:347,0
DA:348,0
DA:349,0
DA:350,0
DA:351,0
DA:355,0
DA:356,0
DA:359,0
DA:361,0
DA:363,0
DA:365,0
DA:367,0
DA:368,0
DA:383,0
DA:384,0
DA:385,0
LF:161
LH:0
end_of_record
SF:lib/services/googleService.dart
DA:11,1
DA:13,2
DA:16,0
DA:18,0
DA:19,0
DA:20,0
DA:21,0
DA:23,0
DA:24,0
DA:27,0
DA:32,0
DA:33,0
DA:34,0
DA:36,0
DA:37,0
DA:39,0
DA:41,0
DA:42,0
LF:18
LH:2
end_of_record
SF:lib/services/Auth.dart
DA:10,1
DA:14,3
DA:15,1
DA:18,2
DA:19,1
DA:20,1
DA:22,0
DA:24,0
DA:25,0
DA:26,0
DA:27,0
DA:28,0
DA:29,0
DA:37,0
DA:38,0
DA:39,0
DA:40,0
DA:46,1
DA:47,2
DA:48,1
DA:53,1
DA:55,2
DA:56,1
DA:57,1
DA:59,1
DA:61,1
DA:62,2
DA:63,1
DA:67,1
DA:69,2
DA:73,1
DA:74,0
DA:75,1
DA:76,0
DA:79,0
DA:82,2
DA:88,1
DA:90,2
DA:91,2
DA:93,1
DA:94,2
DA:95,1
DA:97,2
DA:98,1
LF:44
LH:30
end_of_record
SF:lib/services/appearance.dart
DA:11,0
DA:12,0
DA:19,0
DA:21,0
DA:22,0
DA:23,0
DA:26,0
DA:28,0
DA:29,0
DA:30,0
DA:31,0
DA:33,0
DA:34,0
DA:38,0
DA:40,0
DA:41,0
DA:43,0
DA:44,0
DA:45,0
DA:47,0
DA:48,0
DA:54,0
DA:55,0
DA:56,0
DA:57,0
DA:58,0
DA:62,0
DA:63,0
DA:64,0
DA:65,0
DA:66,0
DA:72,0
DA:74,0
DA:75,0
DA:77,0
DA:78,0
DA:82,0
DA:83,0
DA:84,0
DA:88,0
DA:89,0
DA:90,0
DA:91,0
DA:94,0
DA:95,0
DA:101,0
DA:103,0
DA:105,0
DA:106,0
DA:110,0
DA:111,0
DA:112,0
DA:115,0
DA:117,0
DA:119,0
DA:120,0
DA:124,0
DA:125,0
DA:126,0
DA:129,0
DA:131,0
DA:133,0
DA:134,0
DA:138,0
DA:139,0
DA:140,0
DA:145,0
DA:146,0
DA:147,0
DA:148,0
DA:150,0
DA:151,0
DA:156,0
DA:157,0
DA:158,0
DA:160,0
DA:161,0
LF:77
LH:0
end_of_record
SF:lib/services/tasksSettings.dart
DA:12,0
DA:14,0
DA:15,0
DA:16,0
DA:17,0
DA:18,0
DA:20,0
DA:21,0
DA:25,0
DA:28,0
DA:29,0
DA:30,0
DA:32,0
DA:33,0
DA:37,0
DA:38,0
DA:39,0
DA:40,0
DA:44,0
DA:45,0
DA:47,0
DA:50,0
DA:54,0
DA:55,0
DA:57,0
DA:58,0
DA:62,0
DA:63,0
DA:64,0
DA:65,0
DA:69,0
DA:70,0
DA:72,0
DA:75,0
DA:79,0
DA:80,0
DA:82,0
DA:83,0
DA:87,0
DA:88,0
DA:89,0
DA:90,0
DA:94,0
DA:95,0
DA:97,0
DA:100,0
DA:104,0
DA:105,0
DA:107,0
DA:108,0
DA:112,0
DA:113,0
DA:114,0
DA:115,0
DA:119,0
DA:120,0
DA:122,0
DA:125,0
DA:129,0
DA:130,0
DA:132,0
DA:133,0
DA:137,0
DA:138,0
DA:139,0
DA:140,0
DA:145,0
DA:146,0
DA:150,0
DA:151,0
DA:154,0
DA:155,0
DA:157,0
DA:158,0
DA:162,0
DA:163,0
DA:164,0
DA:165,0
DA:170,0
DA:171,0
DA:175,0
DA:176,0
DA:181,0
DA:182,0
DA:183,0
DA:184,0
DA:186,0
DA:187,0
DA:192,0
DA:193,0
DA:194,0
DA:196,0
DA:198,0
DA:200,0
DA:201,0
LF:95
LH:0
end_of_record
